{"/Users/bensonnganga/Documents/React/m1-reactproject/src/App.js": {"path":"/Users/bensonnganga/Documents/React/m1-reactproject/src/App.js","statementMap":{"0":{"start":{"line":10,"column":4},"end":{"line":29,"column":6}}},"fnMap":{"0":{"name":"(anonymous_0)","decl":{"start":{"line":9,"column":2},"end":{"line":9,"column":3}},"loc":{"start":{"line":9,"column":11},"end":{"line":30,"column":3}},"line":9}},"branchMap":{},"s":{"0":1},"f":{"0":1},"b":{},"_coverageSchema":"43e27e138ebf9cfc5966b082cf9a028302ed4184","hash":"d7591f05869415a7aef9ba628fbe15cd6230072a"}
,"/Users/bensonnganga/Documents/React/m1-reactproject/src/actions/index.js": {"path":"/Users/bensonnganga/Documents/React/m1-reactproject/src/actions/index.js","statementMap":{"0":{"start":{"line":12,"column":15},"end":{"line":12,"column":63}},"1":{"start":{"line":14,"column":21},"end":{"line":29,"column":1}},"2":{"start":{"line":15,"column":2},"end":{"line":28,"column":4}},"3":{"start":{"line":16,"column":4},"end":{"line":27,"column":9}},"4":{"start":{"line":19,"column":8},"end":{"line":19,"column":30}},"5":{"start":{"line":20,"column":8},"end":{"line":20,"column":41}},"6":{"start":{"line":21,"column":8},"end":{"line":21,"column":52}},"7":{"start":{"line":22,"column":8},"end":{"line":22,"column":56}},"8":{"start":{"line":23,"column":8},"end":{"line":23,"column":26}},"9":{"start":{"line":26,"column":8},"end":{"line":26,"column":27}},"10":{"start":{"line":31,"column":24},"end":{"line":54,"column":1}},"11":{"start":{"line":32,"column":21},"end":{"line":32,"column":60}},"12":{"start":{"line":33,"column":15},"end":{"line":33,"column":48}},"13":{"start":{"line":34,"column":2},"end":{"line":53,"column":4}},"14":{"start":{"line":35,"column":4},"end":{"line":52,"column":9}},"15":{"start":{"line":38,"column":8},"end":{"line":38,"column":49}},"16":{"start":{"line":40,"column":8},"end":{"line":43,"column":10}},"17":{"start":{"line":44,"column":8},"end":{"line":44,"column":31}},"18":{"start":{"line":47,"column":8},"end":{"line":47,"column":45}},"19":{"start":{"line":48,"column":8},"end":{"line":48,"column":64}},"20":{"start":{"line":49,"column":8},"end":{"line":49,"column":38}},"21":{"start":{"line":50,"column":8},"end":{"line":50,"column":55}},"22":{"start":{"line":51,"column":8},"end":{"line":51,"column":65}},"23":{"start":{"line":56,"column":31},"end":{"line":70,"column":1}},"24":{"start":{"line":57,"column":2},"end":{"line":69,"column":4}},"25":{"start":{"line":72,"column":28},"end":{"line":80,"column":1}},"26":{"start":{"line":73,"column":2},"end":{"line":79,"column":4}},"27":{"start":{"line":82,"column":33},"end":{"line":89,"column":1}},"28":{"start":{"line":83,"column":2},"end":{"line":88,"column":4}},"29":{"start":{"line":91,"column":26},"end":{"line":102,"column":1}},"30":{"start":{"line":92,"column":2},"end":{"line":101,"column":4}},"31":{"start":{"line":93,"column":4},"end":{"line":100,"column":9}},"32":{"start":{"line":96,"column":8},"end":{"line":96,"column":51}},"33":{"start":{"line":99,"column":8},"end":{"line":99,"column":20}},"34":{"start":{"line":104,"column":28},"end":{"line":109,"column":1}},"35":{"start":{"line":105,"column":2},"end":{"line":108,"column":4}},"36":{"start":{"line":111,"column":31},"end":{"line":122,"column":1}},"37":{"start":{"line":112,"column":2},"end":{"line":121,"column":4}},"38":{"start":{"line":113,"column":4},"end":{"line":120,"column":9}},"39":{"start":{"line":116,"column":8},"end":{"line":116,"column":41}},"40":{"start":{"line":119,"column":8},"end":{"line":119,"column":20}}},"fnMap":{"0":{"name":"(anonymous_0)","decl":{"start":{"line":14,"column":21},"end":{"line":14,"column":22}},"loc":{"start":{"line":14,"column":40},"end":{"line":29,"column":1}},"line":14},"1":{"name":"(anonymous_1)","decl":{"start":{"line":15,"column":9},"end":{"line":15,"column":10}},"loc":{"start":{"line":15,"column":21},"end":{"line":28,"column":3}},"line":15},"2":{"name":"(anonymous_2)","decl":{"start":{"line":18,"column":12},"end":{"line":18,"column":13}},"loc":{"start":{"line":18,"column":24},"end":{"line":24,"column":7}},"line":18},"3":{"name":"(anonymous_3)","decl":{"start":{"line":25,"column":13},"end":{"line":25,"column":14}},"loc":{"start":{"line":25,"column":22},"end":{"line":27,"column":7}},"line":25},"4":{"name":"(anonymous_4)","decl":{"start":{"line":31,"column":24},"end":{"line":31,"column":25}},"loc":{"start":{"line":31,"column":43},"end":{"line":54,"column":1}},"line":31},"5":{"name":"(anonymous_5)","decl":{"start":{"line":34,"column":9},"end":{"line":34,"column":10}},"loc":{"start":{"line":34,"column":21},"end":{"line":53,"column":3}},"line":34},"6":{"name":"(anonymous_6)","decl":{"start":{"line":37,"column":12},"end":{"line":37,"column":13}},"loc":{"start":{"line":37,"column":24},"end":{"line":45,"column":7}},"line":37},"7":{"name":"(anonymous_7)","decl":{"start":{"line":46,"column":13},"end":{"line":46,"column":14}},"loc":{"start":{"line":46,"column":22},"end":{"line":52,"column":7}},"line":46},"8":{"name":"(anonymous_8)","decl":{"start":{"line":56,"column":31},"end":{"line":56,"column":32}},"loc":{"start":{"line":56,"column":39},"end":{"line":70,"column":1}},"line":56},"9":{"name":"(anonymous_9)","decl":{"start":{"line":72,"column":28},"end":{"line":72,"column":29}},"loc":{"start":{"line":72,"column":36},"end":{"line":80,"column":1}},"line":72},"10":{"name":"(anonymous_10)","decl":{"start":{"line":82,"column":33},"end":{"line":82,"column":34}},"loc":{"start":{"line":82,"column":39},"end":{"line":89,"column":1}},"line":82},"11":{"name":"(anonymous_11)","decl":{"start":{"line":91,"column":26},"end":{"line":91,"column":27}},"loc":{"start":{"line":91,"column":32},"end":{"line":102,"column":1}},"line":91},"12":{"name":"(anonymous_12)","decl":{"start":{"line":92,"column":9},"end":{"line":92,"column":10}},"loc":{"start":{"line":92,"column":21},"end":{"line":101,"column":3}},"line":92},"13":{"name":"(anonymous_13)","decl":{"start":{"line":95,"column":12},"end":{"line":95,"column":13}},"loc":{"start":{"line":95,"column":24},"end":{"line":97,"column":7}},"line":95},"14":{"name":"(anonymous_14)","decl":{"start":{"line":98,"column":13},"end":{"line":98,"column":14}},"loc":{"start":{"line":98,"column":22},"end":{"line":100,"column":7}},"line":98},"15":{"name":"(anonymous_15)","decl":{"start":{"line":104,"column":28},"end":{"line":104,"column":29}},"loc":{"start":{"line":104,"column":39},"end":{"line":109,"column":1}},"line":104},"16":{"name":"(anonymous_16)","decl":{"start":{"line":111,"column":31},"end":{"line":111,"column":32}},"loc":{"start":{"line":111,"column":37},"end":{"line":122,"column":1}},"line":111},"17":{"name":"(anonymous_17)","decl":{"start":{"line":112,"column":9},"end":{"line":112,"column":10}},"loc":{"start":{"line":112,"column":21},"end":{"line":121,"column":3}},"line":112},"18":{"name":"(anonymous_18)","decl":{"start":{"line":115,"column":12},"end":{"line":115,"column":13}},"loc":{"start":{"line":115,"column":24},"end":{"line":117,"column":7}},"line":115},"19":{"name":"(anonymous_19)","decl":{"start":{"line":118,"column":13},"end":{"line":118,"column":14}},"loc":{"start":{"line":118,"column":22},"end":{"line":120,"column":7}},"line":118}},"branchMap":{},"s":{"0":4,"1":4,"2":1,"3":1,"4":1,"5":1,"6":1,"7":1,"8":1,"9":0,"10":4,"11":0,"12":0,"13":0,"14":0,"15":0,"16":0,"17":0,"18":0,"19":0,"20":0,"21":0,"22":0,"23":4,"24":0,"25":4,"26":1,"27":4,"28":0,"29":4,"30":0,"31":0,"32":0,"33":0,"34":4,"35":2,"36":4,"37":1,"38":1,"39":1,"40":0},"f":{"0":1,"1":1,"2":1,"3":0,"4":0,"5":0,"6":0,"7":0,"8":0,"9":1,"10":0,"11":0,"12":0,"13":0,"14":0,"15":2,"16":1,"17":1,"18":1,"19":0},"b":{},"_coverageSchema":"43e27e138ebf9cfc5966b082cf9a028302ed4184","hash":"56d17aac553da4a4f6303ee26fa11b23210f732c"}
,"/Users/bensonnganga/Documents/React/m1-reactproject/src/actions/types.js": {"path":"/Users/bensonnganga/Documents/React/m1-reactproject/src/actions/types.js","statementMap":{"0":{"start":{"line":3,"column":24},"end":{"line":3,"column":34}},"1":{"start":{"line":4,"column":27},"end":{"line":4,"column":40}},"2":{"start":{"line":6,"column":26},"end":{"line":6,"column":38}},"3":{"start":{"line":8,"column":26},"end":{"line":8,"column":38}},"4":{"start":{"line":9,"column":29},"end":{"line":9,"column":44}},"5":{"start":{"line":10,"column":28},"end":{"line":10,"column":42}},"6":{"start":{"line":12,"column":21},"end":{"line":12,"column":28}},"7":{"start":{"line":13,"column":24},"end":{"line":13,"column":34}}},"fnMap":{},"branchMap":{},"s":{"0":4,"1":4,"2":4,"3":4,"4":4,"5":4,"6":4,"7":4},"f":{},"b":{},"_coverageSchema":"43e27e138ebf9cfc5966b082cf9a028302ed4184","hash":"446d2d07280fdf430500356d74dc5764c3dfd400"}
,"/Users/bensonnganga/Documents/React/m1-reactproject/src/components/Login.js": {"path":"/Users/bensonnganga/Documents/React/m1-reactproject/src/components/Login.js","statementMap":{"0":{"start":{"line":8,"column":4},"end":{"line":8,"column":12}},"1":{"start":{"line":9,"column":4},"end":{"line":9,"column":70}},"2":{"start":{"line":11,"column":4},"end":{"line":15,"column":6}},"3":{"start":{"line":12,"column":6},"end":{"line":14,"column":9}},"4":{"start":{"line":17,"column":4},"end":{"line":23,"column":6}},"5":{"start":{"line":18,"column":6},"end":{"line":18,"column":25}},"6":{"start":{"line":20,"column":6},"end":{"line":20,"column":30}},"7":{"start":{"line":21,"column":6},"end":{"line":21,"column":55}},"8":{"start":{"line":22,"column":6},"end":{"line":22,"column":25}},"9":{"start":{"line":25,"column":4},"end":{"line":30,"column":6}},"10":{"start":{"line":26,"column":6},"end":{"line":29,"column":9}},"11":{"start":{"line":32,"column":4},"end":{"line":42,"column":6}},"12":{"start":{"line":33,"column":25},"end":{"line":33,"column":64}},"13":{"start":{"line":34,"column":20},"end":{"line":34,"column":53}},"14":{"start":{"line":35,"column":6},"end":{"line":41,"column":7}},"15":{"start":{"line":36,"column":8},"end":{"line":36,"column":42}},"16":{"start":{"line":37,"column":8},"end":{"line":37,"column":45}},"17":{"start":{"line":38,"column":8},"end":{"line":38,"column":66}},"18":{"start":{"line":39,"column":8},"end":{"line":39,"column":46}},"19":{"start":{"line":40,"column":8},"end":{"line":40,"column":31}},"20":{"start":{"line":46,"column":35},"end":{"line":46,"column":45}},"21":{"start":{"line":47,"column":4},"end":{"line":92,"column":6}}},"fnMap":{"0":{"name":"(anonymous_0)","decl":{"start":{"line":7,"column":2},"end":{"line":7,"column":3}},"loc":{"start":{"line":7,"column":16},"end":{"line":43,"column":3}},"line":7},"1":{"name":"(anonymous_1)","decl":{"start":{"line":11,"column":29},"end":{"line":11,"column":30}},"loc":{"start":{"line":11,"column":34},"end":{"line":15,"column":5}},"line":11},"2":{"name":"(anonymous_2)","decl":{"start":{"line":17,"column":24},"end":{"line":17,"column":25}},"loc":{"start":{"line":17,"column":29},"end":{"line":23,"column":5}},"line":17},"3":{"name":"(anonymous_3)","decl":{"start":{"line":25,"column":23},"end":{"line":25,"column":24}},"loc":{"start":{"line":25,"column":29},"end":{"line":30,"column":5}},"line":25},"4":{"name":"(anonymous_4)","decl":{"start":{"line":32,"column":29},"end":{"line":32,"column":30}},"loc":{"start":{"line":32,"column":35},"end":{"line":42,"column":5}},"line":32},"5":{"name":"(anonymous_5)","decl":{"start":{"line":45,"column":2},"end":{"line":45,"column":3}},"loc":{"start":{"line":45,"column":11},"end":{"line":93,"column":3}},"line":45}},"branchMap":{"0":{"loc":{"start":{"line":35,"column":6},"end":{"line":41,"column":7}},"type":"if","locations":[{"start":{"line":35,"column":6},"end":{"line":41,"column":7}},{"start":{"line":35,"column":6},"end":{"line":41,"column":7}}],"line":35}},"s":{"0":0,"1":0,"2":0,"3":0,"4":0,"5":0,"6":0,"7":0,"8":0,"9":0,"10":0,"11":0,"12":0,"13":0,"14":0,"15":0,"16":0,"17":0,"18":0,"19":0,"20":0,"21":0},"f":{"0":0,"1":0,"2":0,"3":0,"4":0,"5":0},"b":{"0":[0,0]},"_coverageSchema":"43e27e138ebf9cfc5966b082cf9a028302ed4184","hash":"08e993f9e8d1f48878d8aa05d8c136a6de094700"}
,"/Users/bensonnganga/Documents/React/m1-reactproject/src/components/Meetups.js": {"path":"/Users/bensonnganga/Documents/React/m1-reactproject/src/components/Meetups.js","statementMap":{"0":{"start":{"line":5,"column":16},"end":{"line":48,"column":1}},"1":{"start":{"line":6,"column":14},"end":{"line":6,"column":15}},"2":{"start":{"line":7,"column":21},"end":{"line":37,"column":4}},"3":{"start":{"line":9,"column":4},"end":{"line":9,"column":12}},"4":{"start":{"line":10,"column":4},"end":{"line":15,"column":5}},"5":{"start":{"line":11,"column":6},"end":{"line":11,"column":60}},"6":{"start":{"line":13,"column":6},"end":{"line":14,"column":86}},"7":{"start":{"line":16,"column":4},"end":{"line":36,"column":6}},"8":{"start":{"line":38,"column":2},"end":{"line":47,"column":4}},"9":{"start":{"line":50,"column":24},"end":{"line":55,"column":1}},"10":{"start":{"line":51,"column":2},"end":{"line":51,"column":21}},"11":{"start":{"line":52,"column":2},"end":{"line":54,"column":4}}},"fnMap":{"0":{"name":"(anonymous_0)","decl":{"start":{"line":5,"column":16},"end":{"line":5,"column":17}},"loc":{"start":{"line":5,"column":33},"end":{"line":48,"column":1}},"line":5},"1":{"name":"(anonymous_1)","decl":{"start":{"line":7,"column":33},"end":{"line":7,"column":34}},"loc":{"start":{"line":7,"column":43},"end":{"line":37,"column":3}},"line":7},"2":{"name":"(anonymous_2)","decl":{"start":{"line":50,"column":24},"end":{"line":50,"column":25}},"loc":{"start":{"line":50,"column":33},"end":{"line":55,"column":1}},"line":50}},"branchMap":{"0":{"loc":{"start":{"line":10,"column":4},"end":{"line":15,"column":5}},"type":"if","locations":[{"start":{"line":10,"column":4},"end":{"line":15,"column":5}},{"start":{"line":10,"column":4},"end":{"line":15,"column":5}}],"line":10},"1":{"loc":{"start":{"line":16,"column":11},"end":{"line":36,"column":5}},"type":"cond-expr","locations":[{"start":{"line":17,"column":6},"end":{"line":33,"column":12}},{"start":{"line":35,"column":6},"end":{"line":35,"column":45}}],"line":16}},"s":{"0":1,"1":0,"2":0,"3":0,"4":0,"5":0,"6":0,"7":0,"8":0,"9":1,"10":0,"11":0},"f":{"0":0,"1":0,"2":0},"b":{"0":[0,0],"1":[0,0]},"_coverageSchema":"43e27e138ebf9cfc5966b082cf9a028302ed4184","hash":"9e455ab1cf851e88cdaf92a6b3a10a656eba1e32"}
,"/Users/bensonnganga/Documents/React/m1-reactproject/src/components/Navbar.js": {"path":"/Users/bensonnganga/Documents/React/m1-reactproject/src/components/Navbar.js","statementMap":{"0":{"start":{"line":7,"column":4},"end":{"line":7,"column":17}},"1":{"start":{"line":9,"column":4},"end":{"line":16,"column":6}},"2":{"start":{"line":10,"column":6},"end":{"line":10,"column":25}},"3":{"start":{"line":11,"column":19},"end":{"line":11,"column":58}},"4":{"start":{"line":12,"column":6},"end":{"line":15,"column":7}},"5":{"start":{"line":13,"column":8},"end":{"line":13,"column":29}},"6":{"start":{"line":14,"column":8},"end":{"line":14,"column":37}},"7":{"start":{"line":20,"column":26},"end":{"line":20,"column":63}},"8":{"start":{"line":21,"column":4},"end":{"line":48,"column":6}},"9":{"start":{"line":51,"column":24},"end":{"line":55,"column":1}},"10":{"start":{"line":52,"column":2},"end":{"line":54,"column":4}}},"fnMap":{"0":{"name":"(anonymous_0)","decl":{"start":{"line":6,"column":2},"end":{"line":6,"column":3}},"loc":{"start":{"line":6,"column":21},"end":{"line":17,"column":3}},"line":6},"1":{"name":"(anonymous_1)","decl":{"start":{"line":9,"column":24},"end":{"line":9,"column":25}},"loc":{"start":{"line":9,"column":29},"end":{"line":16,"column":5}},"line":9},"2":{"name":"(anonymous_2)","decl":{"start":{"line":19,"column":2},"end":{"line":19,"column":3}},"loc":{"start":{"line":19,"column":11},"end":{"line":49,"column":3}},"line":19},"3":{"name":"(anonymous_3)","decl":{"start":{"line":51,"column":24},"end":{"line":51,"column":25}},"loc":{"start":{"line":51,"column":33},"end":{"line":55,"column":1}},"line":51}},"branchMap":{"0":{"loc":{"start":{"line":12,"column":6},"end":{"line":15,"column":7}},"type":"if","locations":[{"start":{"line":12,"column":6},"end":{"line":15,"column":7}},{"start":{"line":12,"column":6},"end":{"line":15,"column":7}}],"line":12},"1":{"loc":{"start":{"line":31,"column":13},"end":{"line":44,"column":13}},"type":"cond-expr","locations":[{"start":{"line":32,"column":14},"end":{"line":39,"column":20}},{"start":{"line":41,"column":14},"end":{"line":43,"column":24}}],"line":31}},"s":{"0":0,"1":0,"2":0,"3":0,"4":0,"5":0,"6":0,"7":0,"8":0,"9":1,"10":0},"f":{"0":0,"1":0,"2":0,"3":0},"b":{"0":[0,0],"1":[0,0]},"_coverageSchema":"43e27e138ebf9cfc5966b082cf9a028302ed4184","hash":"19f50b4ecef685d0764bcb521d1c1a85c9cda478"}
,"/Users/bensonnganga/Documents/React/m1-reactproject/src/components/Register.js": {"path":"/Users/bensonnganga/Documents/React/m1-reactproject/src/components/Register.js","statementMap":{"0":{"start":{"line":7,"column":4},"end":{"line":7,"column":12}},"1":{"start":{"line":8,"column":4},"end":{"line":17,"column":6}},"2":{"start":{"line":19,"column":4},"end":{"line":23,"column":6}},"3":{"start":{"line":20,"column":6},"end":{"line":22,"column":9}},"4":{"start":{"line":25,"column":4},"end":{"line":31,"column":6}},"5":{"start":{"line":26,"column":6},"end":{"line":26,"column":25}},"6":{"start":{"line":27,"column":6},"end":{"line":27,"column":30}},"7":{"start":{"line":28,"column":6},"end":{"line":28,"column":30}},"8":{"start":{"line":29,"column":6},"end":{"line":29,"column":58}},"9":{"start":{"line":30,"column":6},"end":{"line":30,"column":25}},"10":{"start":{"line":33,"column":4},"end":{"line":38,"column":6}},"11":{"start":{"line":34,"column":6},"end":{"line":37,"column":9}},"12":{"start":{"line":50,"column":8},"end":{"line":50,"column":18}},"13":{"start":{"line":51,"column":4},"end":{"line":166,"column":6}}},"fnMap":{"0":{"name":"(anonymous_0)","decl":{"start":{"line":6,"column":2},"end":{"line":6,"column":3}},"loc":{"start":{"line":6,"column":16},"end":{"line":39,"column":3}},"line":6},"1":{"name":"(anonymous_1)","decl":{"start":{"line":19,"column":29},"end":{"line":19,"column":30}},"loc":{"start":{"line":19,"column":34},"end":{"line":23,"column":5}},"line":19},"2":{"name":"(anonymous_2)","decl":{"start":{"line":25,"column":24},"end":{"line":25,"column":25}},"loc":{"start":{"line":25,"column":29},"end":{"line":31,"column":5}},"line":25},"3":{"name":"(anonymous_3)","decl":{"start":{"line":33,"column":23},"end":{"line":33,"column":24}},"loc":{"start":{"line":33,"column":29},"end":{"line":38,"column":5}},"line":33},"4":{"name":"(anonymous_4)","decl":{"start":{"line":40,"column":2},"end":{"line":40,"column":3}},"loc":{"start":{"line":40,"column":11},"end":{"line":167,"column":3}},"line":40}},"branchMap":{},"s":{"0":0,"1":0,"2":0,"3":0,"4":0,"5":0,"6":0,"7":0,"8":0,"9":0,"10":0,"11":0,"12":0,"13":0},"f":{"0":0,"1":0,"2":0,"3":0,"4":0},"b":{},"_coverageSchema":"43e27e138ebf9cfc5966b082cf9a028302ed4184","hash":"d36d033305c327cfd366d6d9b06afc1f6aa0ce64"}
}
